<?xml version="1.0" encoding="UTF-8"?>
<testsuite xmlns:xsi="http://www.w3.org/2001/XMLSchema-instance" xsi:noNamespaceSchemaLocation="https://maven.apache.org/surefire/maven-surefire-plugin/xsd/surefire-test-report-3.0.xsd" version="3.0" name="com.challenge.core.CoreApplicationTests" time="24.348" tests="1" errors="0" skipped="0" failures="0">
  <properties>
[...]
</properties>
  <testcase name="contextLoads" classname="com.challenge.core.CoreApplicationTests" time="1.403">
    <system-out><![CDATA[19:56:15.896 [main] INFO org.springframework.test.context.support.AnnotationConfigContextLoaderUtils -- Could not detect default configuration classes for test class [com.challenge.core.CoreApplicationTests]: CoreApplicationTests does not declare any static, non-private, non-final, nested classes annotated with @Configuration.
19:56:16.437 [main] INFO org.springframework.boot.test.context.SpringBootTestContextBootstrapper -- Found @SpringBootConfiguration com.challenge.core.CoreApplication for test class com.challenge.core.CoreApplicationTests

  .   ____          _            __ _ _
 /\\ / ___'_ __ _ _(_)_ __  __ _ \ \ \ \
( ( )\___ | '_ | '_| | '_ \/ _` | \ \ \ \
 \\/  ___)| |_)| | | | | || (_| |  ) ) ) )
  '  |____| .__|_| |_|_| |_\__, | / / / /
 =========|_|==============|___/=/_/_/_/

 :: Spring Boot ::                (v3.3.5)

2024-11-24T19:56:18.160-03:00  INFO 7592 --- [core] [           main] c.challenge.core.CoreApplicationTests    : Starting CoreApplicationTests using Java 17.0.13 with PID 7592 (started by Imanol in C:\Users\Imanol\Desktop\challengetecnico\core)
2024-11-24T19:56:18.164-03:00  INFO 7592 --- [core] [           main] c.challenge.core.CoreApplicationTests    : No active profile set, falling back to 1 default profile: "default"
2024-11-24T19:56:22.360-03:00  INFO 7592 --- [core] [           main] .s.d.r.c.RepositoryConfigurationDelegate : Bootstrapping Spring Data JPA repositories in DEFAULT mode.
2024-11-24T19:56:22.801-03:00  INFO 7592 --- [core] [           main] .s.d.r.c.RepositoryConfigurationDelegate : Finished Spring Data repository scanning in 410 ms. Found 8 JPA repository interfaces.
2024-11-24T19:56:24.850-03:00  INFO 7592 --- [core] [           main] o.hibernate.jpa.internal.util.LogHelper  : HHH000204: Processing PersistenceUnitInfo [name: default]
2024-11-24T19:56:25.155-03:00  INFO 7592 --- [core] [           main] org.hibernate.Version                    : HHH000412: Hibernate ORM core version 6.5.3.Final
2024-11-24T19:56:25.511-03:00  INFO 7592 --- [core] [           main] o.h.c.internal.RegionFactoryInitiator    : HHH000026: Second-level cache disabled
2024-11-24T19:56:27.176-03:00  INFO 7592 --- [core] [           main] o.s.o.j.p.SpringPersistenceUnitInfo      : No LoadTimeWeaver setup: ignoring JPA class transformer
2024-11-24T19:56:27.304-03:00  INFO 7592 --- [core] [           main] com.zaxxer.hikari.HikariDataSource       : HikariPool-1 - Starting...
2024-11-24T19:56:28.045-03:00  INFO 7592 --- [core] [           main] com.zaxxer.hikari.pool.HikariPool        : HikariPool-1 - Added connection conn0: url=jdbc:h2:mem:testdb user=SA
2024-11-24T19:56:28.050-03:00  INFO 7592 --- [core] [           main] com.zaxxer.hikari.HikariDataSource       : HikariPool-1 - Start completed.
2024-11-24T19:56:28.122-03:00  WARN 7592 --- [core] [           main] org.hibernate.orm.deprecation            : HHH90000025: H2Dialect does not need to be specified explicitly using 'hibernate.dialect' (remove the property setting and it will be selected by default)
2024-11-24T19:56:32.211-03:00  INFO 7592 --- [core] [           main] o.h.e.t.j.p.i.JtaPlatformInitiator       : HHH000489: No JTA platform available (set 'hibernate.transaction.jta.platform' to enable JTA platform integration)
Hibernate: create table credit (merchant json, mcc_code varbinary(255), id_transaction bigint not null, primary key (id_transaction))
Hibernate: create table currency (id bigint generated by default as identity, description varchar(255), simbol varchar(255), primary key (id))
Hibernate: create table payment_method (id bigint generated by default as identity, description varchar(255), primary key (id))
Hibernate: create table peer_to_peer (note varchar(255), recipient_id varchar(255) not null, sender_id varchar(255), id_transaction bigint not null, primary key (id_transaction))
Hibernate: create table status (id bigint generated by default as identity, description varchar(255), primary key (id))
Hibernate: create table transaction (id_transaction bigint generated by default as identity, amount numeric(38,2) not null, code_transaction varchar(255), created_at timestamp(6), cuit varchar(255) not null check ((cuit<=29999999999) and (cuit>=20000000000)), user_id varchar(255), currency_id bigint, payment_method_id bigint, status_id bigint, primary key (id_transaction))
Hibernate: create table transaction_log_error (id_transaction bigint generated by default as identity, amount numeric(38,2) not null, code_transaction varchar(255) not null, created_at date, cuit varchar(255), user_id varchar(255), currency_id bigint, payment_method_id bigint, status_id bigint, primary key (id_transaction))
Hibernate: create table transfer (bank_code varchar(255), recipient_account varchar(255) not null, id_transaction bigint not null, primary key (id_transaction))
Hibernate: alter table if exists credit add constraint FKkru3gmhcr0q09dclgh7sd9q37 foreign key (id_transaction) references transaction
Hibernate: alter table if exists peer_to_peer add constraint FKp1s13vrg6upus0moptyyqq52y foreign key (id_transaction) references transaction
Hibernate: alter table if exists transaction add constraint FKlcx7g8g7x4fyns9k6vesu3n9n foreign key (currency_id) references currency
Hibernate: alter table if exists transaction add constraint FK3iabppaif3d2a8jjotnly31j2 foreign key (payment_method_id) references payment_method
Hibernate: alter table if exists transaction add constraint FKa3s6c20uead56r7ilt8kkguvk foreign key (status_id) references status
Hibernate: alter table if exists transaction_log_error add constraint FK2266efknl20eilvej8e3hwvl4 foreign key (currency_id) references currency
Hibernate: alter table if exists transaction_log_error add constraint FK9ogofgqi987qh5ke108dr46n1 foreign key (payment_method_id) references payment_method
Hibernate: alter table if exists transaction_log_error add constraint FK3rj66dvskk25qebff23a2g4pf foreign key (status_id) references status
Hibernate: alter table if exists transfer add constraint FK1uo358ilu8aco7t3lfsl965uv foreign key (id_transaction) references transaction
2024-11-24T19:56:32.596-03:00  INFO 7592 --- [core] [           main] j.LocalContainerEntityManagerFactoryBean : Initialized JPA EntityManagerFactory for persistence unit 'default'
2024-11-24T19:56:33.861-03:00  INFO 7592 --- [core] [           main] o.s.d.j.r.query.QueryEnhancerFactory     : Hibernate is in classpath; If applicable, HQL parser will be used.
2024-11-24T19:56:36.446-03:00  WARN 7592 --- [core] [           main] JpaBaseConfiguration$JpaWebConfiguration : spring.jpa.open-in-view is enabled by default. Therefore, database queries may be performed during view rendering. Explicitly configure spring.jpa.open-in-view to disable this warning
2024-11-24T19:56:37.510-03:00  INFO 7592 --- [core] [           main] o.s.b.a.h2.H2ConsoleAutoConfiguration    : H2 console available at '/h2-console'. Database available at 'jdbc:h2:mem:testdb'
2024-11-24T19:56:37.720-03:00  INFO 7592 --- [core] [           main] c.challenge.core.CoreApplicationTests    : Started CoreApplicationTests in 20.614 seconds (process running for 25.54)
Hibernate: insert into currency (description,simbol,id) values (?,?,default)
Hibernate: insert into currency (description,simbol,id) values (?,?,default)
Hibernate: insert into currency (description,simbol,id) values (?,?,default)
Hibernate: insert into currency (description,simbol,id) values (?,?,default)
Hibernate: insert into payment_method (description,id) values (?,default)
Hibernate: insert into payment_method (description,id) values (?,default)
Hibernate: insert into payment_method (description,id) values (?,default)
Hibernate: insert into status (description,id) values (?,default)
Hibernate: insert into status (description,id) values (?,default)
Hibernate: insert into status (description,id) values (?,default)
]]></system-out>
  </testcase>
</testsuite>